<?xml version="1.0" encoding="UTF-8"?>
<!-- Generated by org.testng.reporters.JUnitReportReporter -->
<testsuite hostname="LAPTOP-VSUDOHFU" failures="0" tests="1" name="testCases.ParallelCase" time="10.374" errors="0" timestamp="2023-07-21T20:16:41 CEST" skipped="0">
  <testcase classname="testCases.ParallelCase" name="registerTest" time="10.374"/>
  <system-out/>
</testsuite> <!-- testCases.ParallelCase -->
