<?xml version="1.0" encoding="UTF-8"?>
<!-- Generated by org.testng.reporters.JUnitReportReporter -->
<testsuite hostname="LAPTOP-VSUDOHFU" failures="0" tests="1" name="testCases.SecondCase" time="0.640" errors="0" timestamp="2023-07-21T19:53:35 CEST" skipped="0">
  <testcase classname="testCases.SecondCase" name="checkTextTesting" time="0.640"/>
  <system-out/>
</testsuite> <!-- testCases.SecondCase -->
