<?xml version="1.0" encoding="UTF-8"?>
<!-- Generated by org.testng.reporters.JUnitReportReporter -->
<testsuite hostname="LAPTOP-VSUDOHFU" failures="0" tests="1" name="testCases.TestCase" time="23.265" errors="0" timestamp="2023-07-16T18:57:25 CEST" skipped="0">
  <testcase classname="testCases.TestCase" name="verifyHomePage" time="23.265"/>
  <system-out/>
</testsuite> <!-- testCases.TestCase -->
