<?xml version="1.0" encoding="UTF-8"?>
<!-- Generated by org.testng.reporters.JUnitReportReporter -->
<testsuite hostname="LAPTOP-VSUDOHFU" failures="0" tests="1" name="runner.TestNgRunner" time="33.497" errors="0" timestamp="2023-07-30T18:22:39 CEST" skipped="0">
  <testcase classname="runner.TestNgRunner" name="runScenario" time="33.497"/>
  <system-out/>
</testsuite> <!-- runner.TestNgRunner -->
